  main.cpp
C:\Users\DellM4700\ComputacionGrafica\Esenario_Feria\Esenario_Feria\Esenario_Feria\figuras.h(59): warning C4838: la conversión de 'double' en 'GLfloat' requiere una conversión de restricción
C:\Users\DellM4700\ComputacionGrafica\Esenario_Feria\Esenario_Feria\Esenario_Feria\figuras.h(160): warning C4838: la conversión de 'double' en 'GLfloat' requiere una conversión de restricción
C:\Users\DellM4700\ComputacionGrafica\Esenario_Feria\Esenario_Feria\Esenario_Feria\figuras.h(239): warning C4838: la conversión de 'double' en 'GLfloat' requiere una conversión de restricción
C:\Users\DellM4700\ComputacionGrafica\Esenario_Feria\Esenario_Feria\Esenario_Feria\figuras.h(371): warning C4838: la conversión de 'double' en 'GLfloat' requiere una conversión de restricción
C:\Users\DellM4700\ComputacionGrafica\Esenario_Feria\Esenario_Feria\Esenario_Feria\figuras.h(580): warning C4101: 'theta': variable local sin referencia
C:\Users\DellM4700\ComputacionGrafica\Esenario_Feria\Esenario_Feria\Esenario_Feria\figuras.h(580): warning C4101: 'phi': variable local sin referencia
C:\Users\DellM4700\ComputacionGrafica\Esenario_Feria\Esenario_Feria\Esenario_Feria\figuras.h(807): warning C4838: la conversión de 'double' en 'GLfloat' requiere una conversión de restricción
  Textura_algodon.c
  Textura_amarillo.c
  Textura_azul.c
  Textura_azulm.c
  Textura_blanco.c
  Textura_bola.c
  Textura_CI.c
  Textura_CS.c
  Textura_lad.c
  Textura_madero.c
  Textura_metal.c
  Textura_morado.c
  Textura_negro.c
  Textura_P1.c
  Textura_P2.c
  Textura_P3.c
  Textura_P4.c
  Textura_P5.c
  Textura_P6.c
  Textura_piel.c
  Generando código...
  Compilando...
  Textura_piso.c
  Textura_rojo.c
  Textura_rosa.c
  Textura_suelo.c
  Textura_tela.c
  Textura_tubo.c
  Textura_verde.c
  Generando código...
CModel.lib(_3dsloader.obj) : warning LNK4099: no se encontró PDB 'vc70.pdb' con 'CModel.lib(_3dsloader.obj)' o en 'C:\Users\DellM4700\ComputacionGrafica\Esenario_Feria\Esenario_Feria\Debug\vc70.pdb'; se vinculará el objeto sin tener en cuenta información de depuración
CModel.lib(CModel.obj) : warning LNK4099: no se encontró PDB 'vc70.pdb' con 'CModel.lib(CModel.obj)' o en 'C:\Users\DellM4700\ComputacionGrafica\Esenario_Feria\Esenario_Feria\Debug\vc70.pdb'; se vinculará el objeto sin tener en cuenta información de depuración
CModel.lib(CObject.obj) : warning LNK4099: no se encontró PDB 'vc70.pdb' con 'CModel.lib(CObject.obj)' o en 'C:\Users\DellM4700\ComputacionGrafica\Esenario_Feria\Esenario_Feria\Debug\vc70.pdb'; se vinculará el objeto sin tener en cuenta información de depuración
CModel.lib(GFILoader.obj) : warning LNK4099: no se encontró PDB 'vc70.pdb' con 'CModel.lib(GFILoader.obj)' o en 'C:\Users\DellM4700\ComputacionGrafica\Esenario_Feria\Esenario_Feria\Debug\vc70.pdb'; se vinculará el objeto sin tener en cuenta información de depuración
CModel.lib(GLRender.obj) : warning LNK4099: no se encontró PDB 'vc70.pdb' con 'CModel.lib(GLRender.obj)' o en 'C:\Users\DellM4700\ComputacionGrafica\Esenario_Feria\Esenario_Feria\Debug\vc70.pdb'; se vinculará el objeto sin tener en cuenta información de depuración
CModel.lib(HandleStream.obj) : warning LNK4099: no se encontró PDB 'vc70.pdb' con 'CModel.lib(HandleStream.obj)' o en 'C:\Users\DellM4700\ComputacionGrafica\Esenario_Feria\Esenario_Feria\Debug\vc70.pdb'; se vinculará el objeto sin tener en cuenta información de depuración
CModel.lib(imageload.obj) : warning LNK4099: no se encontró PDB 'vc70.pdb' con 'CModel.lib(imageload.obj)' o en 'C:\Users\DellM4700\ComputacionGrafica\Esenario_Feria\Esenario_Feria\Debug\vc70.pdb'; se vinculará el objeto sin tener en cuenta información de depuración
CModel.lib(MATRIX4X4.obj) : warning LNK4099: no se encontró PDB 'vc70.pdb' con 'CModel.lib(MATRIX4X4.obj)' o en 'C:\Users\DellM4700\ComputacionGrafica\Esenario_Feria\Esenario_Feria\Debug\vc70.pdb'; se vinculará el objeto sin tener en cuenta información de depuración
CModel.lib(VECTOR3D.obj) : warning LNK4099: no se encontró PDB 'vc70.pdb' con 'CModel.lib(VECTOR3D.obj)' o en 'C:\Users\DellM4700\ComputacionGrafica\Esenario_Feria\Esenario_Feria\Debug\vc70.pdb'; se vinculará el objeto sin tener en cuenta información de depuración
CModel.lib(VECTOR4D.obj) : warning LNK4099: no se encontró PDB 'vc70.pdb' con 'CModel.lib(VECTOR4D.obj)' o en 'C:\Users\DellM4700\ComputacionGrafica\Esenario_Feria\Esenario_Feria\Debug\vc70.pdb'; se vinculará el objeto sin tener en cuenta información de depuración
  Esenario_Feria.vcxproj -> C:\Users\DellM4700\ComputacionGrafica\Esenario_Feria\Esenario_Feria\Debug\Esenario_Feria.exe
